WARNING:tensorflow:From cnnScript.py:23: read_data_sets (from tensorflow.contrib.learn.python.learn.datasets.mnist) is deprecated and will be removed in a future version.
Instructions for updating:
Please use alternatives such as official/mnist/dataset.py from tensorflow/models.
WARNING:tensorflow:From /home/kikuchio/.local/lib/python3.5/site-packages/tensorflow/contrib/learn/python/learn/datasets/mnist.py:260: maybe_download (from tensorflow.contrib.learn.python.learn.datasets.base) is deprecated and will be removed in a future version.
Instructions for updating:
Please write your own downloading logic.
WARNING:tensorflow:From /home/kikuchio/.local/lib/python3.5/site-packages/tensorflow/contrib/learn/python/learn/datasets/mnist.py:262: extract_images (from tensorflow.contrib.learn.python.learn.datasets.mnist) is deprecated and will be removed in a future version.
Instructions for updating:
Please use tf.data to implement this functionality.
WARNING:tensorflow:From /home/kikuchio/.local/lib/python3.5/site-packages/tensorflow/contrib/learn/python/learn/datasets/mnist.py:267: extract_labels (from tensorflow.contrib.learn.python.learn.datasets.mnist) is deprecated and will be removed in a future version.
Instructions for updating:
Please use tf.data to implement this functionality.
WARNING:tensorflow:From /home/kikuchio/.local/lib/python3.5/site-packages/tensorflow/contrib/learn/python/learn/datasets/mnist.py:110: dense_to_one_hot (from tensorflow.contrib.learn.python.learn.datasets.mnist) is deprecated and will be removed in a future version.
Instructions for updating:
Please use tf.one_hot on tensors.
WARNING:tensorflow:From /home/kikuchio/.local/lib/python3.5/site-packages/tensorflow/contrib/learn/python/learn/datasets/mnist.py:290: DataSet.__init__ (from tensorflow.contrib.learn.python.learn.datasets.mnist) is deprecated and will be removed in a future version.
Instructions for updating:
Please use alternatives such as official/mnist/dataset.py from tensorflow/models.
WARNING:tensorflow:From /home/kikuchio/.local/lib/python3.5/site-packages/tensorflow/python/framework/op_def_library.py:263: colocate_with (from tensorflow.python.framework.ops) is deprecated and will be removed in a future version.
Instructions for updating:
Colocations handled automatically by placer.
WARNING:tensorflow:From cnnScript.py:194: softmax_cross_entropy_with_logits (from tensorflow.python.ops.nn_ops) is deprecated and will be removed in a future version.
Instructions for updating:

Future major versions of TensorFlow will allow gradients to flow
into the labels input on backprop by default.

See `tf.nn.softmax_cross_entropy_with_logits_v2`.

2019-04-06 19:38:09.357414: I tensorflow/core/platform/profile_utils/cpu_utils.cc:94] CPU Frequency: 2294780000 Hz
2019-04-06 19:38:09.379063: I tensorflow/compiler/xla/service/service.cc:150] XLA service 0x5443070 executing computations on platform Host. Devices:
2019-04-06 19:38:09.379233: I tensorflow/compiler/xla/service/service.cc:158]   StreamExecutor device (0): <undefined>, <undefined>
Extracting data/MNIST/train-images-idx3-ubyte.gz
Extracting data/MNIST/train-labels-idx1-ubyte.gz
Extracting data/MNIST/t10k-images-idx3-ubyte.gz
Extracting data/MNIST/t10k-labels-idx1-ubyte.gz
Size of:
- Training-set:		55000
- Test-set:		10000
- Validation-set:	5000
Accuracy on Test-Set: 14.1% (1406 / 10000)
Optimization Iteration:      1, Training Accuracy:  15.6%
Time usage: 0:00:01
Accuracy on Test-Set: 14.8% (1477 / 10000)
Time usage: 0:00:07
Accuracy on Test-Set: 64.6% (6464 / 10000)
Optimization Iteration:    101, Training Accuracy:  67.2%
Optimization Iteration:    201, Training Accuracy:  84.4%
Optimization Iteration:    301, Training Accuracy:  90.6%
Optimization Iteration:    401, Training Accuracy:  92.2%
Optimization Iteration:    501, Training Accuracy:  89.1%
Optimization Iteration:    601, Training Accuracy:  84.4%
Optimization Iteration:    701, Training Accuracy:  89.1%
Optimization Iteration:    801, Training Accuracy:  89.1%
Optimization Iteration:    901, Training Accuracy:  96.9%
Time usage: 0:01:12
Accuracy on Test-Set: 92.8% (9280 / 10000)
Optimization Iteration:   1001, Training Accuracy:  92.2%
Optimization Iteration:   1101, Training Accuracy:  90.6%
Optimization Iteration:   1201, Training Accuracy:  93.8%
Optimization Iteration:   1301, Training Accuracy:  95.3%
Optimization Iteration:   1401, Training Accuracy:  93.8%
Optimization Iteration:   1501, Training Accuracy:  93.8%
Optimization Iteration:   1601, Training Accuracy:  96.9%
Optimization Iteration:   1701, Training Accuracy:  93.8%
Optimization Iteration:   1801, Training Accuracy:  96.9%
Optimization Iteration:   1901, Training Accuracy:  89.1%
Optimization Iteration:   2001, Training Accuracy:  92.2%
Optimization Iteration:   2101, Training Accuracy:  93.8%
Optimization Iteration:   2201, Training Accuracy:  89.1%
Optimization Iteration:   2301, Training Accuracy:  98.4%
Optimization Iteration:   2401, Training Accuracy:  93.8%
Optimization Iteration:   2501, Training Accuracy: 100.0%
Optimization Iteration:   2601, Training Accuracy:  93.8%
Optimization Iteration:   2701, Training Accuracy:  95.3%
Optimization Iteration:   2801, Training Accuracy:  98.4%
Optimization Iteration:   2901, Training Accuracy: 100.0%
Optimization Iteration:   3001, Training Accuracy:  96.9%
Optimization Iteration:   3101, Training Accuracy: 100.0%
Optimization Iteration:   3201, Training Accuracy:  96.9%
Optimization Iteration:   3301, Training Accuracy:  96.9%
Optimization Iteration:   3401, Training Accuracy: 100.0%
Optimization Iteration:   3501, Training Accuracy:  96.9%
Optimization Iteration:   3601, Training Accuracy:  95.3%
Optimization Iteration:   3701, Training Accuracy:  96.9%
Optimization Iteration:   3801, Training Accuracy: 100.0%
Optimization Iteration:   3901, Training Accuracy: 100.0%
Optimization Iteration:   4001, Training Accuracy:  98.4%
Optimization Iteration:   4101, Training Accuracy: 100.0%
Optimization Iteration:   4201, Training Accuracy: 100.0%
Optimization Iteration:   4301, Training Accuracy: 100.0%
Optimization Iteration:   4401, Training Accuracy:  96.9%
Optimization Iteration:   4501, Training Accuracy:  96.9%
Optimization Iteration:   4601, Training Accuracy:  96.9%
Optimization Iteration:   4701, Training Accuracy:  98.4%
Optimization Iteration:   4801, Training Accuracy:  98.4%
Optimization Iteration:   4901, Training Accuracy:  93.8%
Optimization Iteration:   5001, Training Accuracy:  98.4%
Optimization Iteration:   5101, Training Accuracy: 100.0%
Optimization Iteration:   5201, Training Accuracy:  98.4%
Optimization Iteration:   5301, Training Accuracy:  98.4%
Optimization Iteration:   5401, Training Accuracy: 100.0%
Optimization Iteration:   5501, Training Accuracy: 100.0%
Optimization Iteration:   5601, Training Accuracy:  96.9%
Optimization Iteration:   5701, Training Accuracy:  98.4%
Optimization Iteration:   5801, Training Accuracy: 100.0%
Optimization Iteration:   5901, Training Accuracy: 100.0%
Optimization Iteration:   6001, Training Accuracy:  93.8%
Optimization Iteration:   6101, Training Accuracy:  98.4%
Optimization Iteration:   6201, Training Accuracy: 100.0%
Optimization Iteration:   6301, Training Accuracy:  98.4%
Optimization Iteration:   6401, Training Accuracy:  98.4%
Optimization Iteration:   6501, Training Accuracy: 100.0%
Optimization Iteration:   6601, Training Accuracy:  98.4%
Optimization Iteration:   6701, Training Accuracy:  96.9%
Optimization Iteration:   6801, Training Accuracy: 100.0%
Optimization Iteration:   6901, Training Accuracy: 100.0%
Optimization Iteration:   7001, Training Accuracy:  98.4%
Optimization Iteration:   7101, Training Accuracy:  96.9%
Optimization Iteration:   7201, Training Accuracy:  98.4%
Optimization Iteration:   7301, Training Accuracy: 100.0%
Optimization Iteration:   7401, Training Accuracy: 100.0%
Optimization Iteration:   7501, Training Accuracy:  98.4%
Optimization Iteration:   7601, Training Accuracy:  98.4%
Optimization Iteration:   7701, Training Accuracy:  98.4%
Optimization Iteration:   7801, Training Accuracy:  95.3%
Optimization Iteration:   7901, Training Accuracy: 100.0%
Optimization Iteration:   8001, Training Accuracy:  96.9%
Optimization Iteration:   8101, Training Accuracy: 100.0%
Optimization Iteration:   8201, Training Accuracy:  98.4%
Optimization Iteration:   8301, Training Accuracy: 100.0%
Optimization Iteration:   8401, Training Accuracy: 100.0%
Optimization Iteration:   8501, Training Accuracy:  98.4%
Optimization Iteration:   8601, Training Accuracy:  98.4%
Optimization Iteration:   8701, Training Accuracy: 100.0%
Optimization Iteration:   8801, Training Accuracy:  96.9%
Optimization Iteration:   8901, Training Accuracy: 100.0%
Optimization Iteration:   9001, Training Accuracy: 100.0%
Optimization Iteration:   9101, Training Accuracy:  98.4%
Optimization Iteration:   9201, Training Accuracy:  98.4%
Optimization Iteration:   9301, Training Accuracy:  95.3%
Optimization Iteration:   9401, Training Accuracy: 100.0%
Optimization Iteration:   9501, Training Accuracy: 100.0%
Optimization Iteration:   9601, Training Accuracy: 100.0%
Optimization Iteration:   9701, Training Accuracy:  98.4%
Optimization Iteration:   9801, Training Accuracy:  96.9%
Optimization Iteration:   9901, Training Accuracy: 100.0%
Time usage: 0:13:36
Accuracy on Test-Set: 99.0% (9898 / 10000)
